<?xml version="1.0" encoding="UTF-8"?>
<!-- Generated by org.testng.reporters.JUnitReportReporter -->
<testsuite hostname="DESKTOP-QJEFFSO" failures="0" tests="1" name="pharmatest.Pharma_testdata$Pharma_testdata1" time="25.778" errors="0" timestamp="2024-01-29T20:41:40 IST" skipped="0">
  <testcase classname="pharmatest.Pharma_testdata$Pharma_testdata1" name="verifylogin" time="25.778"/>
  <system-out/>
</testsuite> <!-- pharmatest.Pharma_testdata$Pharma_testdata1 -->
