<?xml version="1.0" encoding="UTF-8"?>
<!-- Generated by org.testng.reporters.JUnitReportReporter -->
<testsuite hostname="DESKTOP-QJEFFSO" failures="0" tests="5" name="pharmatest.Pharma_testdata" time="88.176" errors="0" timestamp="2024-02-07T13:00:26 IST" skipped="2">
  <testcase classname="pharmatest.Pharma_testdata" name="verifylogin" time="24.110"/>
  <system-out/>
  <testcase classname="pharmatest.Pharma_testdata" name="uploads" time="33.835"/>
  <system-out/>
  <testcase classname="pharmatest.Pharma_testdata" name="purchaseproducts" time="30.231"/>
  <system-out/>
  <testcase classname="pharmatest.Pharma_testdata" name="Screenshot">
    <skipped/>
  </testcase> <!-- Screenshot -->
  <system-out/>
  <testcase classname="pharmatest.Pharma_testdata" name="Verifications">
    <skipped/>
  </testcase> <!-- Verifications -->
  <system-out/>
</testsuite> <!-- pharmatest.Pharma_testdata -->
